2024-01-09 08:06:40,925 : INFO : utilities.Logger : test_UserRegistration_001 : test_UserRegistration_001 is started
2024-01-09 08:06:40,925 : INFO : utilities.Logger : test_UserRegistration_001 :  Opening Browser
2024-01-09 08:06:43,782 : INFO : utilities.Logger : test_UserRegistration_001 : Going to Url-->https://automation.credence.in/register
2024-01-09 08:06:43,903 : INFO : utilities.Logger : test_UserRegistration_001 : Entering the name
2024-01-09 08:06:44,098 : INFO : utilities.Logger : test_UserRegistration_001 : Entering the Email-->mmch@gmail.com
2024-01-09 08:06:44,555 : INFO : utilities.Logger : test_UserRegistration_001 : Entering the password
2024-01-09 08:06:44,726 : INFO : utilities.Logger : test_UserRegistration_001 : Entering the confirm password
2024-01-09 08:06:46,711 : INFO : utilities.Logger : test_UserRegistration_001 : Clicking on Register Button
2024-01-09 08:06:46,779 : INFO : utilities.Logger : test_UserRegistration_001 : test_UserRegistration_001 is pass
2024-01-09 08:06:47,269 : INFO : utilities.Logger : test_UserRegistration_001 : test_UserRegistration_001 is completed
2024-01-09 08:08:57,858 : INFO : utilities.Logger : test_UserRegistration_001 : test_UserRegistration_001 is started
2024-01-09 08:08:57,858 : INFO : utilities.Logger : test_UserRegistration_001 :  Opening Browser
2024-01-09 08:08:59,910 : INFO : utilities.Logger : test_UserRegistration_001 : Going to Url-->https://automation.credence.in/register
2024-01-09 08:09:00,556 : INFO : utilities.Logger : test_UserRegistration_001 : Entering the name
2024-01-09 08:09:00,771 : INFO : utilities.Logger : test_UserRegistration_001 : Entering the Email-->zzpd@gmail.com
2024-01-09 08:09:01,324 : INFO : utilities.Logger : test_UserRegistration_001 : Entering the password
2024-01-09 08:09:01,447 : INFO : utilities.Logger : test_UserRegistration_001 : Entering the confirm password
2024-01-09 08:09:03,251 : INFO : utilities.Logger : test_UserRegistration_001 : Clicking on Register Button
2024-01-09 08:09:03,291 : INFO : utilities.Logger : test_UserRegistration_001 : test_UserRegistration_001 is pass
2024-01-09 08:09:03,760 : INFO : utilities.Logger : test_UserRegistration_001 : test_UserRegistration_001 is completed
2024-01-09 08:12:26,275 : INFO : C:\Users\HP\Desktop\Python revision Jan 24\Pytest_Credkart - Copy\testCases\test_UserProfile.py : test_UserRegistration_001 : test_UserRegistration_001 is started
2024-01-09 08:12:26,276 : INFO : C:\Users\HP\Desktop\Python revision Jan 24\Pytest_Credkart - Copy\testCases\test_UserProfile.py : test_UserRegistration_001 :  Opening Browser
2024-01-09 08:12:29,615 : INFO : C:\Users\HP\Desktop\Python revision Jan 24\Pytest_Credkart - Copy\testCases\test_UserProfile.py : test_UserRegistration_001 : Going to Url-->https://automation.credence.in/register
2024-01-09 08:12:29,911 : INFO : C:\Users\HP\Desktop\Python revision Jan 24\Pytest_Credkart - Copy\testCases\test_UserProfile.py : test_UserRegistration_001 : Entering the name
2024-01-09 08:12:30,511 : INFO : C:\Users\HP\Desktop\Python revision Jan 24\Pytest_Credkart - Copy\testCases\test_UserProfile.py : test_UserRegistration_001 : Entering the Email-->thig@outlook.com
2024-01-09 08:12:30,812 : INFO : C:\Users\HP\Desktop\Python revision Jan 24\Pytest_Credkart - Copy\testCases\test_UserProfile.py : test_UserRegistration_001 : Entering the password
2024-01-09 08:12:31,006 : INFO : C:\Users\HP\Desktop\Python revision Jan 24\Pytest_Credkart - Copy\testCases\test_UserProfile.py : test_UserRegistration_001 : Entering the confirm password
2024-01-09 08:12:32,571 : INFO : C:\Users\HP\Desktop\Python revision Jan 24\Pytest_Credkart - Copy\testCases\test_UserProfile.py : test_UserRegistration_001 : Clicking on Register Button
2024-01-09 08:12:32,601 : INFO : C:\Users\HP\Desktop\Python revision Jan 24\Pytest_Credkart - Copy\testCases\test_UserProfile.py : test_UserRegistration_001 : test_UserRegistration_001 is pass
2024-01-09 08:12:32,989 : INFO : C:\Users\HP\Desktop\Python revision Jan 24\Pytest_Credkart - Copy\testCases\test_UserProfile.py : test_UserRegistration_001 : test_UserRegistration_001 is completed


2024-01-09 08:13:13,479 : INFO : Test_User_Profile : test_UserRegistration_001 : test_UserRegistration_001 is started
2024-01-09 08:13:13,480 : INFO : Test_User_Profile : test_UserRegistration_001 :  Opening Browser
2024-01-09 08:13:16,941 : INFO : Test_User_Profile : test_UserRegistration_001 : Going to Url-->https://automation.credence.in/register
2024-01-09 08:13:17,063 : INFO : Test_User_Profile : test_UserRegistration_001 : Entering the name
2024-01-09 08:13:17,259 : INFO : Test_User_Profile : test_UserRegistration_001 : Entering the Email-->txon@gmail.com
2024-01-09 08:13:17,357 : INFO : Test_User_Profile : test_UserRegistration_001 : Entering the password
2024-01-09 08:13:17,460 : INFO : Test_User_Profile : test_UserRegistration_001 : Entering the confirm password
2024-01-09 08:13:18,839 : INFO : Test_User_Profile : test_UserRegistration_001 : Clicking on Register Button
2024-01-09 08:13:18,853 : INFO : Test_User_Profile : test_UserRegistration_001 : test_UserRegistration_001 is pass
2024-01-09 08:13:19,508 : INFO : Test_User_Profile : test_UserRegistration_001 : test_UserRegistration_001 is completed
2024-01-09 08:15:57,864 - INFO - Test_User_Profile - test_UserRegistration_001 - test_UserRegistration_001 is started
2024-01-09 08:15:57,864 - INFO - Test_User_Profile - test_UserRegistration_001 -  Opening Browser
2024-01-09 08:15:58,581 - INFO - Test_User_Profile - test_UserRegistration_001 - Going to Url-->https://automation.credence.in/register
2024-01-09 08:15:58,689 - INFO - Test_User_Profile - test_UserRegistration_001 - Entering the name
2024-01-09 08:15:58,877 - INFO - Test_User_Profile - test_UserRegistration_001 - Entering the Email-->cfzr@outlook.com
2024-01-09 08:15:58,987 - INFO - Test_User_Profile - test_UserRegistration_001 - Entering the password
2024-01-09 08:15:59,104 - INFO - Test_User_Profile - test_UserRegistration_001 - Entering the confirm password
2024-01-09 08:16:00,494 - INFO - Test_User_Profile - test_UserRegistration_001 - Clicking on Register Button
2024-01-09 08:16:00,507 - INFO - Test_User_Profile - test_UserRegistration_001 - test_UserRegistration_001 is pass
2024-01-09 08:16:00,623 - INFO - Test_User_Profile - test_UserRegistration_001 - test_UserRegistration_001 is completed
2024-01-10 08:07:26,361 - INFO - Test_User_Profile - test_UserRegistration_001 - test_UserRegistration_001 is started
2024-01-10 08:07:26,436 - INFO - Test_User_Profile - test_UserRegistration_001 -  Opening Browser
2024-01-10 08:07:34,952 - INFO - Test_User_Profile - test_UserRegistration_001 - Going to Url-->https://automation.credence.in/register
2024-01-10 08:07:37,024 - INFO - Test_User_Profile - test_UserRegistration_001 - Entering the name
2024-01-10 08:07:37,560 - INFO - Test_User_Profile - test_UserRegistration_001 - Entering the Email-->ljnt@ymail.com
2024-01-10 08:07:42,349 - INFO - Test_User_Profile - test_UserRegistration_001 - Entering the password
2024-01-10 08:07:42,560 - INFO - Test_User_Profile - test_UserRegistration_001 - Entering the confirm password
2024-01-10 08:07:44,717 - INFO - Test_User_Profile - test_UserRegistration_001 - Clicking on Register Button
2024-01-10 08:07:44,786 - INFO - Test_User_Profile - test_UserRegistration_001 - test_UserRegistration_001 is pass
2024-01-10 08:07:45,333 - INFO - Test_User_Profile - test_UserRegistration_001 - test_UserRegistration_001 is completed
2024-01-10 08:40:00,902 - INFO - Test_User_Profile - test_UserRegistration_001 - test_UserRegistration_001 is started
2024-01-10 08:40:00,903 - INFO - Test_User_Profile - test_UserRegistration_001 -  Opening Browser
2024-01-10 08:40:01,988 - INFO - Test_User_Profile - test_UserRegistration_001 - Going to Url-->https://automation.credence.in/register
2024-01-10 08:40:02,459 - INFO - Test_User_Profile - test_UserRegistration_001 - Entering the name
2024-01-10 08:40:02,988 - INFO - Test_User_Profile - test_UserRegistration_001 - Entering the Email-->ocpq@gmail.com
2024-01-10 08:40:03,207 - INFO - Test_User_Profile - test_UserRegistration_001 - Entering the password
2024-01-10 08:40:03,657 - INFO - Test_User_Profile - test_UserRegistration_001 - Entering the confirm password
2024-01-10 08:40:05,414 - INFO - Test_User_Profile - test_UserRegistration_001 - Clicking on Register Button
2024-01-10 08:40:05,595 - INFO - Test_User_Profile - test_UserRegistration_001 - test_UserRegistration_001 is pass
2024-01-10 08:40:05,762 - INFO - Test_User_Profile - test_UserRegistration_001 - test_UserRegistration_001 is completed
2024-01-10 08:48:01,912 - INFO - Test_User_Profile - test_UserRegistration_001 - test_UserRegistration_001 is started
2024-01-10 08:48:01,913 - INFO - Test_User_Profile - test_UserRegistration_001 -  Opening Browser
2024-01-10 08:48:02,365 - INFO - Test_User_Profile - test_UserRegistration_001 - Going to Url-->https://automation.credence.in/register
2024-01-10 08:48:02,956 - INFO - Test_User_Profile - test_UserRegistration_001 - Entering the name
2024-01-10 08:48:03,321 - INFO - Test_User_Profile - test_UserRegistration_001 - Entering the Email-->huec@outlook.com
2024-01-10 08:48:03,531 - INFO - Test_User_Profile - test_UserRegistration_001 - Entering the password
2024-01-10 08:48:03,801 - INFO - Test_User_Profile - test_UserRegistration_001 - Entering the confirm password
2024-01-10 08:48:05,337 - INFO - Test_User_Profile - test_UserRegistration_001 - Clicking on Register Button
2024-01-10 08:48:05,380 - INFO - Test_User_Profile - test_UserRegistration_001 - test_UserRegistration_001 is pass
2024-01-10 08:48:05,660 - INFO - Test_User_Profile - test_UserRegistration_001 - test_UserRegistration_001 is completed
2024-01-10 08:51:58,895 - INFO - Test_User_Profile - test_UserRegistration_001 - test_UserRegistration_001 is started
2024-01-10 08:51:58,896 - INFO - Test_User_Profile - test_UserRegistration_001 -  Opening Browser
2024-01-10 08:51:59,793 - INFO - Test_User_Profile - test_UserRegistration_001 - Going to Url-->https://automation.credence.in/register
2024-01-10 08:51:59,910 - INFO - Test_User_Profile - test_UserRegistration_001 - Entering the name
2024-01-10 08:52:00,313 - INFO - Test_User_Profile - test_UserRegistration_001 - Entering the Email-->lnrx@ymail.com
2024-01-10 08:52:00,475 - INFO - Test_User_Profile - test_UserRegistration_001 - Entering the password
2024-01-10 08:52:00,963 - INFO - Test_User_Profile - test_UserRegistration_001 - Entering the confirm password
2024-01-10 08:52:02,622 - INFO - Test_User_Profile - test_UserRegistration_001 - Clicking on Register Button
2024-01-10 08:52:02,674 - INFO - Test_User_Profile - test_UserRegistration_001 - test_UserRegistration_001 is pass
2024-01-10 08:52:02,951 - INFO - Test_User_Profile - test_UserRegistration_001 - test_UserRegistration_001 is completed
2024-01-10 08:53:21,592 - INFO - Test_User_Profile - test_UserRegistration_001 - test_UserRegistration_001 is started
2024-01-10 08:53:21,592 - INFO - Test_User_Profile - test_UserRegistration_001 -  Opening Browser
2024-01-10 08:53:22,036 - INFO - Test_User_Profile - test_UserRegistration_001 - Going to Url-->https://automation.credence.in/register
2024-01-10 08:53:22,725 - INFO - Test_User_Profile - test_UserRegistration_001 - Entering the name
2024-01-10 08:53:22,946 - INFO - Test_User_Profile - test_UserRegistration_001 - Entering the Email-->xawv@outlook.com
2024-01-10 08:53:23,201 - INFO - Test_User_Profile - test_UserRegistration_001 - Entering the password
2024-01-10 08:53:23,293 - INFO - Test_User_Profile - test_UserRegistration_001 - Entering the confirm password
2024-01-10 08:53:24,573 - INFO - Test_User_Profile - test_UserRegistration_001 - Clicking on Register Button
2024-01-10 08:53:24,607 - INFO - Test_User_Profile - test_UserRegistration_001 - test_UserRegistration_001 is pass
2024-01-10 08:53:24,784 - INFO - Test_User_Profile - test_UserRegistration_001 - test_UserRegistration_001 is completed
2024-01-10 08:56:35,267 - INFO - Test_User_Profile - test_UserRegistration_001 - test_UserRegistration_001 is started
2024-01-10 08:56:35,267 - INFO - Test_User_Profile - test_UserRegistration_001 -  Opening Browser
2024-01-10 08:56:38,231 - INFO - Test_User_Profile - test_UserRegistration_001 - Going to Url-->https://automation.credence.in/register
2024-01-10 08:56:39,773 - INFO - Test_User_Profile - test_UserRegistration_001 - Entering the name
2024-01-10 08:56:39,984 - INFO - Test_User_Profile - test_UserRegistration_001 - Entering the Email-->jrfk@outlook.com
2024-01-10 08:56:40,515 - INFO - Test_User_Profile - test_UserRegistration_001 - Entering the password
2024-01-10 08:56:40,694 - INFO - Test_User_Profile - test_UserRegistration_001 - Entering the confirm password
2024-01-10 08:56:42,648 - INFO - Test_User_Profile - test_UserRegistration_001 - Clicking on Register Button
2024-01-10 08:56:42,700 - INFO - Test_User_Profile - test_UserRegistration_001 - test_UserRegistration_001 is pass
2024-01-10 08:56:43,078 - INFO - Test_User_Profile - test_UserRegistration_001 - test_UserRegistration_001 is completed
2024-01-10 08:58:49,614 - INFO - Test_User_Profile - test_UserRegistration_001 - test_UserRegistration_001 is started
2024-01-10 08:58:49,615 - INFO - Test_User_Profile - test_UserRegistration_001 -  Opening Browser
2024-01-10 08:58:50,296 - INFO - Test_User_Profile - test_UserRegistration_001 - Going to Url-->https://automation.credence.in/register
2024-01-10 08:58:51,232 - INFO - Test_User_Profile - test_UserRegistration_001 - Entering the name
2024-01-10 08:58:51,655 - INFO - Test_User_Profile - test_UserRegistration_001 - Entering the Email-->tjqt@gmail.com
2024-01-10 08:58:51,893 - INFO - Test_User_Profile - test_UserRegistration_001 - Entering the password
2024-01-10 08:58:52,614 - INFO - Test_User_Profile - test_UserRegistration_001 - Entering the confirm password
2024-01-10 08:58:54,997 - INFO - Test_User_Profile - test_UserRegistration_001 - Clicking on Register Button
2024-01-10 08:58:55,037 - INFO - Test_User_Profile - test_UserRegistration_001 - test_UserRegistration_001 is pass
2024-01-10 08:58:55,224 - INFO - Test_User_Profile - test_UserRegistration_001 - test_UserRegistration_001 is completed
2024-01-29 13:06:23,739 - INFO - Test_User_Profile - test_UserRegistration_001 - test_UserRegistration_001 is started
2024-01-29 13:06:23,739 - INFO - Test_User_Profile - test_UserRegistration_001 -  Opening Browser
2024-01-29 13:06:25,368 - INFO - Test_User_Profile - test_UserRegistration_001 - Going to Url-->https://automation.credence.in/register
2024-01-29 13:06:25,466 - INFO - Test_User_Profile - test_UserRegistration_001 - Entering the name
2024-01-29 13:06:25,600 - INFO - Test_User_Profile - test_UserRegistration_001 - Entering the Email-->yyax@outlook.com
2024-01-29 13:06:25,704 - INFO - Test_User_Profile - test_UserRegistration_001 - Entering the password
2024-01-29 13:06:25,868 - INFO - Test_User_Profile - test_UserRegistration_001 - Entering the confirm password
2024-01-29 13:06:28,747 - INFO - Test_User_Profile - test_UserRegistration_001 - Clicking on Register Button
2024-01-29 13:06:28,771 - INFO - Test_User_Profile - test_UserRegistration_001 - test_UserRegistration_001 is pass
2024-01-29 13:06:28,950 - INFO - Test_User_Profile - test_UserRegistration_001 - test_UserRegistration_001 is completed
2024-01-29 13:13:56,048 - INFO - Test_User_Profile - test_UserRegistration_001 - test_UserRegistration_001 is started
2024-01-29 13:13:56,049 - INFO - Test_User_Profile - test_UserRegistration_001 -  Opening Browser
2024-01-29 13:14:04,078 - INFO - Test_User_Profile - test_UserRegistration_001 - Going to Url-->https://automation.credence.in/register
2024-01-29 13:14:04,203 - INFO - Test_User_Profile - test_UserRegistration_001 - Entering the name
2024-01-29 13:14:04,356 - INFO - Test_User_Profile - test_UserRegistration_001 - Entering the Email-->czzx@outlook.com
2024-01-29 13:14:04,432 - INFO - Test_User_Profile - test_UserRegistration_001 - Entering the password
2024-01-29 13:14:04,512 - INFO - Test_User_Profile - test_UserRegistration_001 - Entering the confirm password
2024-01-30 09:15:00,658 - INFO - Test_User_Profile - test_UserRegistration_001 - test_UserRegistration_001 is started
2024-01-30 09:15:00,658 - INFO - Test_User_Profile - test_UserRegistration_001 -  Opening Browser
2024-01-30 09:15:03,166 - INFO - Test_User_Profile - test_UserRegistration_001 - Going to Url-->https://automation.credence.in/register
2024-01-30 09:15:03,238 - INFO - Test_User_Profile - test_UserRegistration_001 - Entering the name
2024-01-30 09:15:03,316 - INFO - Test_User_Profile - test_UserRegistration_001 - Entering the Email-->weco@outlook.com
2024-01-30 09:15:03,394 - INFO - Test_User_Profile - test_UserRegistration_001 - Entering the password
2024-01-30 09:15:03,504 - INFO - Test_User_Profile - test_UserRegistration_001 - Entering the confirm password
2024-01-30 09:15:11,098 - INFO - Test_User_Profile - test_UserRegistration_001 - Clicking on Register Button
2024-01-30 09:15:11,115 - INFO - Test_User_Profile - test_UserRegistration_001 - test_UserRegistration_001 is pass
2024-01-30 09:15:11,260 - INFO - Test_User_Profile - test_UserRegistration_001 - test_UserRegistration_001 is completed
2024-01-30 09:19:37,379 - INFO - Test_User_Profile - test_UserRegistration_001 - test_UserRegistration_001 is started
2024-01-30 09:19:37,379 - INFO - Test_User_Profile - test_UserRegistration_001 -  Opening Browser
2024-01-30 09:19:38,557 - INFO - Test_User_Profile - test_UserRegistration_001 - Going to Url-->https://automation.credence.in/register
2024-01-30 09:19:38,627 - INFO - Test_User_Profile - test_UserRegistration_001 - Entering the name
2024-01-30 09:19:38,736 - INFO - Test_User_Profile - test_UserRegistration_001 - Entering the Email-->yheh@ymail.com
2024-01-30 09:19:38,814 - INFO - Test_User_Profile - test_UserRegistration_001 - Entering the password
2024-01-30 09:19:38,937 - INFO - Test_User_Profile - test_UserRegistration_001 - Entering the confirm password
2024-01-30 09:19:46,965 - INFO - Test_User_Profile - test_UserRegistration_001 - Clicking on Register Button
2024-01-30 09:19:46,974 - INFO - Test_User_Profile - test_UserRegistration_001 - test_UserRegistration_001 is pass
2024-01-30 09:19:47,115 - INFO - Test_User_Profile - test_UserRegistration_001 - test_UserRegistration_001 is completed
2024-01-30 12:46:13,743 - INFO - Test_User_Profile - test_UserRegistration_001 - test_UserRegistration_001 is started
2024-01-30 12:46:13,745 - INFO - Test_User_Profile - test_UserRegistration_001 -  Opening Browser
2024-01-30 12:46:16,577 - INFO - Test_User_Profile - test_UserRegistration_001 - Going to Url-->https://automation.credence.in/register
2024-01-30 12:46:16,638 - INFO - Test_User_Profile - test_UserRegistration_001 - Entering the name
2024-01-30 12:46:16,731 - INFO - Test_User_Profile - test_UserRegistration_001 - Entering the Email-->seyd@outlook.com
2024-01-30 12:46:16,799 - INFO - Test_User_Profile - test_UserRegistration_001 - Entering the password
2024-01-30 12:46:16,893 - INFO - Test_User_Profile - test_UserRegistration_001 - Entering the confirm password
2024-01-30 12:46:34,395 - INFO - Test_User_Profile - test_UserRegistration_001 - Clicking on Register Button
2024-01-30 12:46:34,411 - INFO - Test_User_Profile - test_UserRegistration_001 - test_UserRegistration_001 is pass
2024-01-30 12:46:34,551 - INFO - Test_User_Profile - test_UserRegistration_001 - test_UserRegistration_001 is completed
2024-01-31 13:09:50,675 - INFO - Test_User_Profile - test_UserRegistration_001 - test_UserRegistration_001 is started
2024-01-31 13:09:50,675 - INFO - Test_User_Profile - test_UserRegistration_001 -  Opening Browser
2024-01-31 13:09:55,719 - INFO - Test_User_Profile - test_UserRegistration_001 - Going to Url-->https://automation.credence.in/register
2024-01-31 13:09:55,869 - INFO - Test_User_Profile - test_UserRegistration_001 - Entering the name
2024-01-31 13:09:55,889 - INFO - Test_User_Profile - test_UserRegistration_001 - Entering the Email-->hxxd@ymail.com
2024-01-31 13:09:55,909 - INFO - Test_User_Profile - test_UserRegistration_001 - Entering the password
2024-01-31 13:09:55,925 - INFO - Test_User_Profile - test_UserRegistration_001 - Entering the confirm password
2024-01-31 13:09:58,951 - INFO - Test_User_Profile - test_UserRegistration_001 - Clicking on Register Button
2024-01-31 13:09:58,972 - INFO - Test_User_Profile - test_UserRegistration_001 - test_UserRegistration_001 is pass
2024-01-31 13:09:59,100 - INFO - Test_User_Profile - test_UserRegistration_001 - test_UserRegistration_001 is completed
2024-01-31 13:13:40,322 - INFO - Test_User_Profile - test_UserRegistration_001 - test_UserRegistration_001 is started
2024-01-31 13:13:40,323 - INFO - Test_User_Profile - test_UserRegistration_001 -  Opening Browser
2024-01-31 13:13:42,331 - INFO - Test_User_Profile - test_UserRegistration_001 - Going to Url-->https://automation.credence.in/register
2024-01-31 13:13:42,548 - INFO - Test_User_Profile - test_UserRegistration_001 - Entering the name
2024-01-31 13:13:42,937 - INFO - Test_User_Profile - test_UserRegistration_001 - Entering the Email-->rrzi@gmail.com
2024-01-31 13:13:43,180 - INFO - Test_User_Profile - test_UserRegistration_001 - Entering the password
2024-01-31 13:13:43,433 - INFO - Test_User_Profile - test_UserRegistration_001 - Entering the confirm password
2024-01-31 13:13:47,219 - INFO - Test_User_Profile - test_UserRegistration_001 - Clicking on Register Button
2024-01-31 13:13:47,284 - INFO - Test_User_Profile - test_UserRegistration_001 - test_UserRegistration_001 is pass
2024-01-31 13:13:47,653 - INFO - Test_User_Profile - test_UserRegistration_001 - test_UserRegistration_001 is completed
2024-01-31 13:22:27,863 - INFO - Test_User_Profile - test_UserRegistration_001 - test_UserRegistration_001 is started
2024-01-31 13:22:27,863 - INFO - Test_User_Profile - test_UserRegistration_001 -  Opening Browser
2024-01-31 13:22:29,555 - INFO - Test_User_Profile - test_UserRegistration_001 - Going to Url-->https://automation.credence.in/register
2024-01-31 13:22:29,626 - INFO - Test_User_Profile - test_UserRegistration_001 - Entering the name
2024-01-31 13:22:29,719 - INFO - Test_User_Profile - test_UserRegistration_001 - Entering the Email-->ikxi@ymail.com
2024-01-31 13:22:29,798 - INFO - Test_User_Profile - test_UserRegistration_001 - Entering the password
2024-01-31 13:22:29,893 - INFO - Test_User_Profile - test_UserRegistration_001 - Entering the confirm password
2024-01-31 13:22:32,491 - INFO - Test_User_Profile - test_UserRegistration_001 - Clicking on Register Button
2024-01-31 13:22:32,507 - INFO - Test_User_Profile - test_UserRegistration_001 - test_UserRegistration_001 is pass
2024-01-31 13:22:32,665 - INFO - Test_User_Profile - test_UserRegistration_001 - test_UserRegistration_001 is completed
2024-01-31 13:24:28,824 - INFO - Test_User_Profile - test_UserRegistration_001 - test_UserRegistration_001 is started
2024-01-31 13:24:28,824 - INFO - Test_User_Profile - test_UserRegistration_001 -  Opening Browser
2024-01-31 13:24:29,996 - INFO - Test_User_Profile - test_UserRegistration_001 - Going to Url-->https://automation.credence.in/register
2024-01-31 13:24:30,096 - INFO - Test_User_Profile - test_UserRegistration_001 - Entering the name
2024-01-31 13:24:30,133 - INFO - Test_User_Profile - test_UserRegistration_001 - Entering the Email-->ctkk@ymail.com
2024-01-31 13:24:30,149 - INFO - Test_User_Profile - test_UserRegistration_001 - Entering the password
2024-01-31 13:24:30,167 - INFO - Test_User_Profile - test_UserRegistration_001 - Entering the confirm password
2024-01-31 13:24:35,219 - INFO - Test_User_Profile - test_UserRegistration_001 - Clicking on Register Button
2024-01-31 13:24:35,248 - INFO - Test_User_Profile - test_UserRegistration_001 - test_UserRegistration_001 is pass
2024-01-31 13:24:35,297 - INFO - Test_User_Profile - test_UserRegistration_001 - test_UserRegistration_001 is completed
2024-01-31 13:53:26,644 - INFO - Test_User_Profile - test_UserRegistration_001 - test_UserRegistration_001 is started
2024-01-31 13:53:26,644 - INFO - Test_User_Profile - test_UserRegistration_001 -  Opening Browser
2024-01-31 13:53:28,296 - INFO - Test_User_Profile - test_UserRegistration_001 - Going to Url-->https://automation.credence.in/register
2024-01-31 13:53:28,410 - INFO - Test_User_Profile - test_UserRegistration_001 - Entering the name
2024-01-31 13:53:28,426 - INFO - Test_User_Profile - test_UserRegistration_001 - Entering the Email-->thtw@outlook.com
2024-01-31 13:53:28,442 - INFO - Test_User_Profile - test_UserRegistration_001 - Entering the password
2024-01-31 13:53:28,472 - INFO - Test_User_Profile - test_UserRegistration_001 - Entering the confirm password
2024-01-31 13:53:31,678 - INFO - Test_User_Profile - test_UserRegistration_001 - Clicking on Register Button
2024-01-31 13:53:31,712 - INFO - Test_User_Profile - test_UserRegistration_001 - test_UserRegistration_001 is pass
2024-01-31 13:53:31,753 - INFO - Test_User_Profile - test_UserRegistration_001 - test_UserRegistration_001 is completed
2024-01-31 13:57:25,083 - INFO - Test_User_Profile - test_UserRegistration_001 - test_UserRegistration_001 is started
2024-01-31 13:57:25,083 - INFO - Test_User_Profile - test_UserRegistration_001 -  Opening Browser
2024-01-31 13:57:26,882 - INFO - Test_User_Profile - test_UserRegistration_001 - Going to Url-->https://automation.credence.in/register
2024-01-31 13:57:26,993 - INFO - Test_User_Profile - test_UserRegistration_001 - Entering the name
2024-01-31 13:57:27,024 - INFO - Test_User_Profile - test_UserRegistration_001 - Entering the Email-->awxb@gmail.com
2024-01-31 13:57:27,054 - INFO - Test_User_Profile - test_UserRegistration_001 - Entering the password
2024-01-31 13:57:27,074 - INFO - Test_User_Profile - test_UserRegistration_001 - Entering the confirm password
2024-01-31 13:57:30,417 - INFO - Test_User_Profile - test_UserRegistration_001 - Clicking on Register Button
2024-01-31 13:57:30,456 - INFO - Test_User_Profile - test_UserRegistration_001 - test_UserRegistration_001 is pass
2024-01-31 13:57:30,558 - INFO - Test_User_Profile - test_UserRegistration_001 - test_UserRegistration_001 is completed
2024-01-31 14:06:29,457 - INFO - Test_User_Profile - test_UserRegistration_001 - test_UserRegistration_001 is started
2024-01-31 14:06:29,457 - INFO - Test_User_Profile - test_UserRegistration_001 -  Opening Browser
2024-01-31 14:06:31,157 - INFO - Test_User_Profile - test_UserRegistration_001 - Going to Url-->https://automation.credence.in/register
2024-01-31 14:06:31,257 - INFO - Test_User_Profile - test_UserRegistration_001 - Entering the name
2024-01-31 14:06:31,274 - INFO - Test_User_Profile - test_UserRegistration_001 - Entering the Email-->mbml@outlook.com
2024-01-31 14:06:31,291 - INFO - Test_User_Profile - test_UserRegistration_001 - Entering the password
2024-01-31 14:06:31,307 - INFO - Test_User_Profile - test_UserRegistration_001 - Entering the confirm password
2024-01-31 14:06:34,645 - INFO - Test_User_Profile - test_UserRegistration_001 - Clicking on Register Button
2024-01-31 14:06:34,674 - INFO - Test_User_Profile - test_UserRegistration_001 - test_UserRegistration_001 is pass
2024-01-31 14:06:34,730 - INFO - Test_User_Profile - test_UserRegistration_001 - test_UserRegistration_001 is completed
2024-01-31 14:10:35,670 - INFO - Test_User_Profile - test_UserRegistration_001 - test_UserRegistration_001 is started
2024-01-31 14:10:35,670 - INFO - Test_User_Profile - test_UserRegistration_001 -  Opening Browser
2024-01-31 14:10:37,951 - INFO - Test_User_Profile - test_UserRegistration_001 - Going to Url-->https://automation.credence.in/register
2024-01-31 14:10:38,054 - INFO - Test_User_Profile - test_UserRegistration_001 - Entering the name
2024-01-31 14:10:38,169 - INFO - Test_User_Profile - test_UserRegistration_001 - Entering the Email-->hxvr@ymail.com
2024-01-31 14:10:38,272 - INFO - Test_User_Profile - test_UserRegistration_001 - Entering the password
2024-01-31 14:10:38,431 - INFO - Test_User_Profile - test_UserRegistration_001 - Entering the confirm password
2024-01-31 14:10:41,436 - INFO - Test_User_Profile - test_UserRegistration_001 - Clicking on Register Button
2024-01-31 14:10:41,451 - INFO - Test_User_Profile - test_UserRegistration_001 - test_UserRegistration_001 is pass
2024-01-31 14:10:41,632 - INFO - Test_User_Profile - test_UserRegistration_001 - test_UserRegistration_001 is completed
2024-01-31 14:17:02,389 - INFO - Test_User_Profile - test_UserRegistration_001 - test_UserRegistration_001 is started
2024-01-31 14:17:02,389 - INFO - Test_User_Profile - test_UserRegistration_001 -  Opening Browser
2024-01-31 14:17:04,028 - INFO - Test_User_Profile - test_UserRegistration_001 - Going to Url-->https://automation.credence.in/register
2024-01-31 14:17:04,103 - INFO - Test_User_Profile - test_UserRegistration_001 - Entering the name
2024-01-31 14:17:04,185 - INFO - Test_User_Profile - test_UserRegistration_001 - Entering the Email-->vrzh@ymail.com
2024-01-31 14:17:04,253 - INFO - Test_User_Profile - test_UserRegistration_001 - Entering the password
2024-01-31 14:17:04,336 - INFO - Test_User_Profile - test_UserRegistration_001 - Entering the confirm password
2024-01-31 14:17:10,724 - INFO - Test_User_Profile - test_UserRegistration_001 - Clicking on Register Button
2024-01-31 14:17:10,739 - INFO - Test_User_Profile - test_UserRegistration_001 - test_UserRegistration_001 is pass
2024-01-31 14:17:10,905 - INFO - Test_User_Profile - test_UserRegistration_001 - test_UserRegistration_001 is completed
2024-01-31 14:33:29,126 - INFO - Test_User_Profile - test_UserRegistration_001 - test_UserRegistration_001 is started
2024-01-31 14:33:29,126 - INFO - Test_User_Profile - test_UserRegistration_001 -  Opening Browser
2024-01-31 14:33:30,246 - INFO - Test_User_Profile - test_UserRegistration_001 - Going to Url-->https://automation.credence.in/register
2024-01-31 14:33:30,712 - INFO - Test_User_Profile - test_UserRegistration_001 - Entering the name
2024-01-31 14:33:30,811 - INFO - Test_User_Profile - test_UserRegistration_001 - Entering the Email-->dnku@gmail.com
2024-01-31 14:33:30,879 - INFO - Test_User_Profile - test_UserRegistration_001 - Entering the password
2024-01-31 14:33:30,964 - INFO - Test_User_Profile - test_UserRegistration_001 - Entering the confirm password
2024-01-31 14:33:34,235 - INFO - Test_User_Profile - test_UserRegistration_001 - Clicking on Register Button
2024-01-31 14:33:34,263 - INFO - Test_User_Profile - test_UserRegistration_001 - test_UserRegistration_001 is pass
2024-01-31 14:33:34,414 - INFO - Test_User_Profile - test_UserRegistration_001 - test_UserRegistration_001 is completed
2024-02-01 10:18:50,677 - INFO - Test_User_Profile - test_UserRegistration_001 - test_UserRegistration_001 is started
2024-02-01 10:18:50,677 - INFO - Test_User_Profile - test_UserRegistration_001 -  Opening Browser
2024-02-01 10:18:52,594 - INFO - Test_User_Profile - test_UserRegistration_001 - Going to Url-->https://automation.credence.in/register
2024-02-01 10:18:52,653 - INFO - Test_User_Profile - test_UserRegistration_001 - Entering the name
2024-02-01 10:18:52,746 - INFO - Test_User_Profile - test_UserRegistration_001 - Entering the Email-->yphn@ymail.com
2024-02-01 10:18:52,824 - INFO - Test_User_Profile - test_UserRegistration_001 - Entering the password
2024-02-01 10:18:52,930 - INFO - Test_User_Profile - test_UserRegistration_001 - Entering the confirm password
2024-02-01 10:18:56,876 - INFO - Test_User_Profile - test_UserRegistration_001 - Clicking on Register Button
2024-02-01 10:18:56,890 - INFO - Test_User_Profile - test_UserRegistration_001 - test_UserRegistration_001 is pass
2024-02-01 10:18:57,036 - INFO - Test_User_Profile - test_UserRegistration_001 - test_UserRegistration_001 is completed
